#
# There is insufficient memory for the Java Runtime Environment to continue.
# Native memory allocation (mmap) failed to map 67108864 bytes for Failed to commit area from 0x00000000fc000000 to 0x0000000100000000 of length 67108864.
# Possible reasons:
#   The system is out of physical RAM or swap space
#   The process is running with CompressedOops enabled, and the Java Heap may be blocking the growth of the native heap
# Possible solutions:
#   Reduce memory load on the system
#   Increase physical memory or swap space
#   Check if swap backing store is full
#   Decrease Java heap size (-Xmx/-Xms)
#   Decrease number of Java threads
#   Decrease Java thread stack sizes (-Xss)
#   Set larger code cache with -XX:ReservedCodeCacheSize=
# This output file may be truncated or incomplete.
#
#  Out of Memory Error (./src/hotspot/os/windows/os_windows.cpp:3386), pid=13148, tid=9084
#
# JRE version:  (11.0.16+8) (build )
# Java VM: OpenJDK 64-Bit Server VM (11.0.16+8, mixed mode, sharing, tiered, compressed oops, g1 gc, windows-amd64)
# No core dump will be written. Minidumps are not enabled by default on client versions of Windows
#

---------------  S U M M A R Y ------------

Command Line: -Xmx64m -Xms64m -Dorg.gradle.appname=gradlew org.gradle.wrapper.GradleWrapperMain app:installDebug -PreactNativeDevServerPort=8081

Host: AMD Ryzen 5 5600G with Radeon Graphics         , 12 cores, 23G,  Windows 11 , 64 bit Build 22000 (10.0.22000.708)
Time: Mon Oct  3 09:16:48 2022 Hora de verano central (México) elapsed time: 0.008864 seconds (0d 0h 0m 0s)

---------------  T H R E A D  ---------------

Current thread (0x0000025083b05000):  JavaThread "Unknown thread" [_thread_in_vm, id=9084, stack(0x000000915cb00000,0x000000915cc00000)]

Stack: [0x000000915cb00000,0x000000915cc00000]
Native frames: (J=compiled Java code, j=interpreted, Vv=VM code, C=native code)
V  [jvm.dll+0x61a63a]
V  [jvm.dll+0x757439]
V  [jvm.dll+0x758b28]
V  [jvm.dll+0x759203]
V  [jvm.dll+0x24d9a8]
V  [jvm.dll+0x61794a]
V  [jvm.dll+0x60c0f5]
V  [jvm.dll+0x304f5c]
V  [jvm.dll+0x304de2]
V  [jvm.dll+0x309af6]
V  [jvm.dll+0x34fe4f]
V  [jvm.dll+0x34f880]
V  [jvm.dll+0x2e1fd8]
V  [jvm.dll+0x2e3136]
V  [jvm.dll+0x731417]
V  [jvm.dll+0x732b9f]
V  [jvm.dll+0x35cb99]
V  [jvm.dll+0x7142b0]
V  [jvm.dll+0x3ca5ef]
V  [jvm.dll+0x3cc7a1]
C  [jli.dll+0x5207]
C  [ucrtbase.dll+0x26c0c]
C  [KERNEL32.DLL+0x154e0]
C  [ntdll.dll+0x485b]


---------------  P R O C E S S  ---------------

Threads class SMR info:
_java_thread_list=0x0000025081878410, length=0, elements={
}

Java Threads: ( => current thread )

Other Threads:
  0x0000025083b1e800 GCTaskThread "GC Thread#0" [stack: 0x000000915cc00000,0x000000915cd00000] [id=5496]
  0x0000025083b27800 ConcurrentGCThread "G1 Main Marker" [stack: 0x000000915cd00000,0x000000915ce00000] [id=9164]
  0x0000025083b28800 ConcurrentGCThread "G1 Conc#0" [stack: 0x000000915ce00000,0x000000915cf00000] [id=15960]

[error occurred during error reporting (printing all threads), id 0xc0000005, EXCEPTION_ACCESS_VIOLATION (0xc0000005) at pc=0x00007fff2acc17a7]

VM state:not at safepoint (not fully initialized)

VM Mutex/Monitor currently owned by a thread:  ([mutex/lock_event])
[0x0000025083b019d0] Heap_lock - owner thread: 0x0000025083b05000

Heap address: 0x00000000fc000000, size: 64 MB, Compressed Oops mode: Non-zero based: 0x00000000fc000000
Narrow klass base: 0x0000000000000000, Narrow klass shift: 0

GC Heap History (0 events):
No events

Deoptimization events (0 events):
No events

Classes redefined (0 events):
No events

Internal exceptions (0 events):
No events

Events (1 events):
Event: 0.006 Loaded shared library C:\Program Files\OpenJDK\openjdk-11.0.16_8\bin\zip.dll


Dynamic libraries:
0x00007ff6120a0000 - 0x00007ff6120ad000 	C:\Program Files\OpenJDK\openjdk-11.0.16_8\bin\java.exe
0x00007fffa3580000 - 0x00007fffa3789000 	C:\Windows\SYSTEM32\ntdll.dll
0x00007fffa28b0000 - 0x00007fffa296d000 	C:\Windows\System32\KERNEL32.DLL
0x00007fffa0a60000 - 0x00007fffa0dd9000 	C:\Windows\System32\KERNELBASE.dll
0x00007fffa1040000 - 0x00007fffa1151000 	C:\Windows\System32\ucrtbase.dll
0x00007fff91470000 - 0x00007fff91485000 	C:\Program Files\OpenJDK\openjdk-11.0.16_8\bin\VCRUNTIME140.dll
0x00007fff91450000 - 0x00007fff91467000 	C:\Program Files\OpenJDK\openjdk-11.0.16_8\bin\jli.dll
0x00007fffa2640000 - 0x00007fffa27ec000 	C:\Windows\System32\USER32.dll
0x00007fffa0de0000 - 0x00007fffa0e06000 	C:\Windows\System32\win32u.dll
0x00007fff7e450000 - 0x00007fff7e6f5000 	C:\Windows\WinSxS\amd64_microsoft.windows.common-controls_6595b64144ccf1df_6.0.22000.120_none_9d947278b86cc467\COMCTL32.dll
0x00007fffa2610000 - 0x00007fffa2639000 	C:\Windows\System32\GDI32.dll
0x00007fffa1c50000 - 0x00007fffa1cf3000 	C:\Windows\System32\msvcrt.dll
0x00007fffa12f0000 - 0x00007fffa1402000 	C:\Windows\System32\gdi32full.dll
0x00007fffa1160000 - 0x00007fffa11fd000 	C:\Windows\System32\msvcp_win.dll
0x00007fffa25d0000 - 0x00007fffa2601000 	C:\Windows\System32\IMM32.DLL
0x00007fff66f20000 - 0x00007fff66fbb000 	C:\Program Files\OpenJDK\openjdk-11.0.16_8\bin\msvcp140.dll
0x00007fff2a9d0000 - 0x00007fff2b4de000 	C:\Program Files\OpenJDK\openjdk-11.0.16_8\bin\server\jvm.dll
0x00007fffa27f0000 - 0x00007fffa289e000 	C:\Windows\System32\ADVAPI32.dll
0x00007fffa1d70000 - 0x00007fffa1e0e000 	C:\Windows\System32\sechost.dll
0x00007fffa31d0000 - 0x00007fffa32f0000 	C:\Windows\System32\RPCRT4.dll
0x00007fffa2b60000 - 0x00007fffa2b68000 	C:\Windows\System32\PSAPI.DLL
0x00007fff77440000 - 0x00007fff77449000 	C:\Windows\SYSTEM32\WSOCK32.dll
0x00007fff96eb0000 - 0x00007fff96ee3000 	C:\Windows\SYSTEM32\WINMM.dll
0x00007fff96e60000 - 0x00007fff96e6a000 	C:\Windows\SYSTEM32\VERSION.dll
0x00007fffa1410000 - 0x00007fffa147f000 	C:\Windows\System32\WS2_32.dll
0x00007fff9fb60000 - 0x00007fff9fb78000 	C:\Windows\SYSTEM32\kernel.appcore.dll
0x00007fff713a0000 - 0x00007fff713b0000 	C:\Program Files\OpenJDK\openjdk-11.0.16_8\bin\verify.dll
0x00007fff98910000 - 0x00007fff98b31000 	C:\Windows\SYSTEM32\DBGHELP.DLL
0x00007fff8e900000 - 0x00007fff8e931000 	C:\Windows\SYSTEM32\dbgcore.DLL
0x00007fffa1200000 - 0x00007fffa127f000 	C:\Windows\System32\bcryptPrimitives.dll
0x00007fff70320000 - 0x00007fff70348000 	C:\Program Files\OpenJDK\openjdk-11.0.16_8\bin\java.dll
0x00007fff71350000 - 0x00007fff7135a000 	C:\Program Files\OpenJDK\openjdk-11.0.16_8\bin\jimage.dll
0x00007fff6e4f0000 - 0x00007fff6e508000 	C:\Program Files\OpenJDK\openjdk-11.0.16_8\bin\zip.dll

dbghelp: loaded successfully - version: 4.0.5 - missing functions: none
symbol engine: initialized successfully - sym options: 0x614 - pdb path: .;C:\Program Files\OpenJDK\openjdk-11.0.16_8\bin;C:\Windows\SYSTEM32;C:\Windows\WinSxS\amd64_microsoft.windows.common-controls_6595b64144ccf1df_6.0.22000.120_none_9d947278b86cc467;C:\Program Files\OpenJDK\openjdk-11.0.16_8\bin\server

VM Arguments:
jvm_args: -Xmx64m -Xms64m -Dorg.gradle.appname=gradlew 
java_command: org.gradle.wrapper.GradleWrapperMain app:installDebug -PreactNativeDevServerPort=8081
java_class_path (initial): C:\Users\ffern\Documents\0-Carrera\4to\PPI\Tareas\PPI_Alcaraz\android\\gradle\wrapper\gradle-wrapper.jar
Launcher Type: SUN_STANDARD

[Global flags]
     intx CICompilerCount                          = 4                                         {product} {ergonomic}
     uint ConcGCThreads                            = 3                                         {product} {ergonomic}
     uint G1ConcRefinementThreads                  = 10                                        {product} {ergonomic}
   size_t G1HeapRegionSize                         = 1048576                                   {product} {ergonomic}
    uintx GCDrainStackTargetSize                   = 64                                        {product} {ergonomic}
   size_t InitialHeapSize                          = 67108864                                  {product} {command line}
   size_t MarkStackSize                            = 4194304                                   {product} {ergonomic}
   size_t MaxHeapSize                              = 67108864                                  {product} {command line}
   size_t MinHeapDeltaBytes                        = 1048576                                   {product} {ergonomic}
    uintx NonNMethodCodeHeapSize                   = 5836300                                {pd product} {ergonomic}
    uintx NonProfiledCodeHeapSize                  = 122910970                              {pd product} {ergonomic}
    uintx ProfiledCodeHeapSize                     = 122910970                              {pd product} {ergonomic}
    uintx ReservedCodeCacheSize                    = 251658240                              {pd product} {ergonomic}
     bool SegmentedCodeCache                       = true                                      {product} {ergonomic}
     bool UseCompressedClassPointers               = true                                 {lp64_product} {ergonomic}
     bool UseCompressedOops                        = true                                 {lp64_product} {ergonomic}
     bool UseG1GC                                  = true                                      {product} {ergonomic}
     bool UseLargePagesIndividualAllocation        = false                                  {pd product} {ergonomic}

Logging:
Log output configuration:
 #0: stdout all=warning uptime,level,tags
 #1: stderr all=off uptime,level,tags

Environment Variables:
JAVA_HOME=C:\Program Files\OpenJDK\openjdk-11.0.16_8
CLASSPATH=C:\Users\ffern\Documents\0-Carrera\4to\PPI\Tareas\PPI_Alcaraz\android\\gradle\wrapper\gradle-wrapper.jar
PATH=C:\Users\ffern\Documents\0-Carrera\4to\PPI\Tareas\PPI_Alcaraz\android\node_modules\.bin;C:\Users\ffern\Documents\0-Carrera\4to\PPI\Tareas\PPI_Alcaraz\node_modules\.bin;C:\Users\ffern\Documents\0-Carrera\4to\PPI\Tareas\node_modules\.bin;C:\Users\ffern\Documents\0-Carrera\4to\PPI\node_modules\.bin;C:\Users\ffern\Documents\0-Carrera\4to\node_modules\.bin;C:\Users\ffern\Documents\0-Carrera\node_modules\.bin;C:\Users\ffern\Documents\node_modules\.bin;C:\Users\ffern\node_modules\.bin;C:\Users\node_modules\.bin;C:\node_modules\.bin;C:\Program Files\nodejs;C:\Users\ffern\Documents\0-Carrera\4to\PPI\Tareas\PPI_Alcaraz\node_modules\.bin;C:\Users\ffern\Documents\0-Carrera\4to\PPI\Tareas\PPI_Alcaraz\node_modules\.bin;C:\Users\ffern\Documents\0-Carrera\4to\PPI\Tareas\node_modules\.bin;C:\Users\ffern\Documents\0-Carrera\4to\PPI\node_modules\.bin;C:\Users\ffern\Documents\0-Carrera\4to\node_modules\.bin;C:\Users\ffern\Documents\0-Carrera\node_modules\.bin;C:\Users\ffern\Documents\node_modules\.bin;C:\Users\ffern\node_modules\.bin;C:\Users\node_modules\.bin;C:\node_modules\.bin;C:\Program Files\nodejs\node_modules\npm\node_modules\@npmcli\run-script\lib\node-gyp-bin;C:\Users\ffern\bin;C:\Program Files\Git\mingw64\bin;C:\Program Files\Git\usr\local\bin;C:\Program Files\Git\usr\bin;C:\Program Files\Git\usr\bin;C:\Program Files\Git\mingw64\bin;C:\Program Files\Git\usr\bin;C:\Users\ffern\bin;C:\Program Files (x86)\Common Files\Oracle\Java\javapath;C:\Program Files\Eclipse Adoptium\jdk-17.0.3.7-hotspot\bin;C:\Windows\system32;C:\Windows;C:\Windows\System32\Wbem;C:\Windows\System32\WindowsPowerShell\v1.0;C:\Windows\System32\OpenSSH;C:\MinGW\bin;C:\Program Files\Microsoft SQL Server\150\Tools\Binn;C:\Program Files\Microsoft SQL Server\130\Tools\Binn;C:\ProgramData\chocolatey\bin;C:\Program Files\OpenJDK\openjdk-11.0.16_8\bin;C:\Users\ffern\AppData\Local\Android\Sdk\platform-tools;C:\Program Files\Git\cmd;C:\Program Files\Git\mingw64\bin;C:\Program Files\Git\usr\bin;C:\Program Files\PuTTY
USERNAME=ffern
SHELL=C:\Program Files\Git\usr\bin\bash.exe
DISPLAY=needs-to-be-defined
LANG=es_MX.UTF-8
OS=Windows_NT
PROCESSOR_IDENTIFIER=AMD64 Family 25 Model 80 Stepping 0, AuthenticAMD
TMP=C:\Users\ffern\AppData\Local\Temp
TEMP=C:\Users\ffern\AppData\Local\Temp



---------------  S Y S T E M  ---------------

OS: Windows 11 , 64 bit Build 22000 (10.0.22000.708)
OS uptime: 0 days 2:49 hours

CPU:total 12 (initial active 12) (12 cores per cpu, 2 threads per core) family 25 model 80 stepping 0 microcode 0x0, cmov, cx8, fxsr, mmx, sse, sse2, sse3, ssse3, sse4.1, sse4.2, popcnt, avx, avx2, aes, clmul, erms, mmxext, 3dnowpref, lzcnt, sse4a, ht, tsc, tscinvbit, tscinv, bmi1, bmi2, adx, sha, fma

Memory: 4k page, system-wide physical 24447M (3802M free)
TotalPageFile size 24447M (AvailPageFile size 26M)
current process WorkingSet (physical memory assigned to process): 10M, peak: 10M
current process commit charge ("private bytes"): 63M, peak: 127M

vm_info: OpenJDK 64-Bit Server VM (11.0.16+8) for windows-amd64 JRE (11.0.16+8), built on Jul 17 2022 01:33:05 by "tester" with MS VC++ 15.9 (VS2017)

END.
